14:29:34.358 [main] INFO  com.revature.tests.LoginTest - STARTING: LoginTest Class
14:29:40.383 [main] INFO  com.revature.listeners.Listener - Test 'loginTest' STARTED
14:29:41.575 [main] INFO  com.revature.listeners.Listener - Test 'loginTest' PASSED
14:29:45.485 [main] INFO  com.revature.listeners.Listener - Test 'loginTest' STARTED
14:29:46.698 [main] INFO  com.revature.listeners.Listener - Test 'loginTest' PASSED
14:29:50.641 [main] INFO  com.revature.listeners.Listener - Test 'loginTest' STARTED
14:29:51.658 [main] INFO  com.revature.listeners.Listener - Test 'loginTest' PASSED
14:29:52.573 [main] INFO  com.revature.tests.LoginTest - ENDING: LoginTest Class
14:30:49.187 [main] INFO  com.revature.tests.LoginTest - STARTING: LoginTest Class
14:30:52.929 [main] INFO  com.revature.listeners.Listener - Test 'loginTest' STARTED
14:30:54.143 [main] INFO  com.revature.listeners.Listener - Test 'loginTest' PASSED
14:30:57.962 [main] INFO  com.revature.listeners.Listener - Test 'loginTest' STARTED
14:30:58.876 [main] INFO  com.revature.listeners.Listener - Test 'loginTest' PASSED
14:31:02.184 [main] INFO  com.revature.listeners.Listener - Test 'loginTest' STARTED
14:31:07.711 [main] INFO  com.revature.listeners.Listener - Test 'loginTest' FAILED
14:31:08.938 [main] INFO  com.revature.tests.LoginTest - ENDING: LoginTest Class
14:40:03.559 [main] INFO  com.revature.tests.LoginTest - STARTING: LoginTest Class
14:40:07.378 [main] INFO  com.revature.listeners.Listener - Test 'loginTest' STARTED
14:40:08.414 [main] INFO  com.revature.listeners.Listener - Test 'loginTest' PASSED
14:40:13.736 [main] INFO  com.revature.listeners.Listener - Test 'loginTest' STARTED
14:40:14.537 [main] INFO  com.revature.listeners.Listener - Test 'loginTest' PASSED
14:40:19.345 [main] INFO  com.revature.listeners.Listener - Test 'loginTest' STARTED
14:40:24.715 [main] INFO  com.revature.listeners.Listener - Test 'loginTest' FAILED
14:40:26.264 [main] INFO  com.revature.tests.LoginTest - ENDING: LoginTest Class
14:41:18.878 [main] INFO  com.revature.tests.LoginTest - STARTING: LoginTest Class
14:41:30.209 [main] INFO  com.revature.listeners.Listener - Test 'loginTest' STARTED
14:41:31.314 [main] INFO  com.revature.listeners.Listener - Test 'loginTest' PASSED
14:41:33.612 [main] INFO  com.revature.listeners.Listener - Test 'loginTest' STARTED
14:41:34.926 [main] INFO  com.revature.listeners.Listener - Test 'loginTest' PASSED
14:41:37.060 [main] INFO  com.revature.listeners.Listener - Test 'loginTest' STARTED
14:41:42.911 [main] INFO  com.revature.listeners.Listener - Test 'loginTest' FAILED
14:41:43.768 [main] INFO  com.revature.tests.LoginTest - ENDING: LoginTest Class
14:49:27.501 [main] INFO  com.revature.tests.LoginTest - STARTING: LoginTest Class
14:49:37.100 [main] INFO  com.revature.listeners.Listener - Test 'loginTest' STARTED
14:49:38.017 [main] INFO  com.revature.listeners.Listener - Test 'loginTest' PASSED
14:49:40.103 [main] INFO  com.revature.listeners.Listener - Test 'loginTest' STARTED
14:49:41.105 [main] INFO  com.revature.listeners.Listener - Test 'loginTest' PASSED
14:49:43.254 [main] INFO  com.revature.listeners.Listener - Test 'loginTest' STARTED
14:49:49.038 [main] INFO  com.revature.listeners.Listener - Test 'loginTest' FAILED
14:49:49.865 [main] INFO  com.revature.tests.LoginTest - ENDING: LoginTest Class
14:52:53.130 [main] INFO  com.revature.tests.LoginTest - STARTING: LoginTest Class
14:53:08.890 [main] INFO  com.revature.tests.LoginTest - ENDING: LoginTest Class
14:55:41.302 [main] INFO  com.revature.tests.LoginTest - STARTING: LoginTest Class
14:55:45.417 [main] INFO  com.revature.listeners.Listener - Test 'loginTest' STARTED
14:55:46.288 [main] INFO  com.revature.listeners.Listener - Test 'loginTest' PASSED
14:55:49.801 [main] INFO  com.revature.listeners.Listener - Test 'loginTest' STARTED
14:55:50.607 [main] INFO  com.revature.listeners.Listener - Test 'loginTest' PASSED
14:55:54.176 [main] INFO  com.revature.listeners.Listener - Test 'loginTest' STARTED
14:55:59.606 [main] INFO  com.revature.listeners.Listener - Test 'loginTest' FAILED
14:56:00.426 [main] INFO  com.revature.tests.LoginTest - ENDING: LoginTest Class
